<?xml version="1.0" encoding="UTF-8"?>
<!-- Generated by org.testng.reporters.JUnitReportReporter -->
<testsuite skipped="0" hostname="MSI" name="interviewQuestions.TestMultipleTimes" tests="3" failures="0" timestamp="2020-02-26T00:11:37 IST" time="0.012" errors="0">
  <testcase name="test" time="0.010" classname="interviewQuestions.TestMultipleTimes"/>
  <testcase name="test" time="0.001" classname="interviewQuestions.TestMultipleTimes"/>
  <testcase name="test" time="0.001" classname="interviewQuestions.TestMultipleTimes"/>
</testsuite> <!-- interviewQuestions.TestMultipleTimes -->
