<?xml version="1.0" encoding="UTF-8"?>
<!-- Generated by org.testng.reporters.JUnitReportReporter -->
<testsuite skipped="0" hostname="MSI" name="interviewQuestions.DependsOnFail" tests="2" failures="0" timestamp="2020-02-16T17:31:23 IST" time="2.025" errors="1">
  <testcase name="goingToMovie" time="0.003" classname="interviewQuestions.DependsOnFail"/>
  <testcase name="parentspermission" time="2.022" classname="interviewQuestions.DependsOnFail">
    <error type="org.testng.internal.thread.ThreadTimeoutException" message="Method interviewQuestions.DependsOnFail.parentspermission() didn&#039;t finish within the time-out 2000">
      <![CDATA[org.testng.internal.thread.ThreadTimeoutException: Method interviewQuestions.DependsOnFail.parentspermission() didn't finish within the time-out 2000
at java.lang.Thread.interrupt0(Native Method)
at java.lang.Thread.interrupt(Unknown Source)
at org.testng.internal.InvokeMethodRunnable.runOne(InvokeMethodRunnable.java:60)
at org.testng.internal.InvokeMethodRunnable.run(InvokeMethodRunnable.java:41)
at java.util.concurrent.Executors$RunnableAdapter.call(Unknown Source)
at java.util.concurrent.FutureTask.run(Unknown Source)
at java.util.concurrent.ThreadPoolExecutor.runWorker(Unknown Source)
at java.util.concurrent.ThreadPoolExecutor$Worker.run(Unknown Source)
at java.lang.Thread.run(Unknown Source)
]]>
    </error>
  </testcase> <!-- parentspermission -->
</testsuite> <!-- interviewQuestions.DependsOnFail -->
