<?xml version="1.0" encoding="UTF-8"?>
<!-- Generated by org.testng.reporters.JUnitReportReporter -->
<testsuite skipped="0" hostname="MSI" name="interviewQuestions.NewTest" tests="2" failures="0" timestamp="2020-02-26T00:17:07 IST" time="0.008" errors="0">
  <testcase name="test2" time="0.002" classname="interviewQuestions.NewTest"/>
  <testcase name="test" time="0.006" classname="interviewQuestions.NewTest"/>
</testsuite> <!-- interviewQuestions.NewTest -->
