<?xml version="1.0" encoding="UTF-8"?>
<!-- Generated by org.testng.reporters.JUnitReportReporter -->
<testsuite skipped="0" hostname="MSI" name="interviewQuestions.AssertVsVerify" tests="1" failures="0" timestamp="2020-02-26T00:22:35 IST" time="0.011" errors="0">
  <testcase name="testVerify" time="0.011" classname="interviewQuestions.AssertVsVerify"/>
</testsuite> <!-- interviewQuestions.AssertVsVerify -->
