<?xml version="1.0" encoding="UTF-8"?>
<!-- Generated by org.testng.reporters.JUnitReportReporter -->
<testsuite skipped="0" hostname="MSI" name="interviewQuestions.TimesOutExample" tests="1" failures="0" timestamp="2020-02-16T17:14:16 IST" time="2.012" errors="0">
  <testcase name="test" time="2.012" classname="interviewQuestions.TimesOutExample"/>
</testsuite> <!-- interviewQuestions.TimesOutExample -->
